Started GET "/" for 127.0.0.1 at 2018-11-22 16:31:15 +0200
  
PG::ConnectionBad (could not connect to server: No such file or directory
	Is the server running locally and accepting
	connections on Unix domain socket "/var/run/postgresql/.s.PGSQL.5432"?
):
  
pg (1.1.3) lib/pg.rb:56:in `initialize'
pg (1.1.3) lib/pg.rb:56:in `new'
pg (1.1.3) lib/pg.rb:56:in `connect'
activerecord (5.2.1) lib/active_record/connection_adapters/postgresql_adapter.rb:684:in `connect'
activerecord (5.2.1) lib/active_record/connection_adapters/postgresql_adapter.rb:215:in `initialize'
activerecord (5.2.1) lib/active_record/connection_adapters/postgresql_adapter.rb:40:in `new'
activerecord (5.2.1) lib/active_record/connection_adapters/postgresql_adapter.rb:40:in `postgresql_connection'
activerecord (5.2.1) lib/active_record/connection_adapters/abstract/connection_pool.rb:809:in `new_connection'
activerecord (5.2.1) lib/active_record/connection_adapters/abstract/connection_pool.rb:853:in `checkout_new_connection'
activerecord (5.2.1) lib/active_record/connection_adapters/abstract/connection_pool.rb:832:in `try_to_checkout_new_connection'
activerecord (5.2.1) lib/active_record/connection_adapters/abstract/connection_pool.rb:793:in `acquire_connection'
activerecord (5.2.1) lib/active_record/connection_adapters/abstract/connection_pool.rb:521:in `checkout'
activerecord (5.2.1) lib/active_record/connection_adapters/abstract/connection_pool.rb:380:in `connection'
activerecord (5.2.1) lib/active_record/connection_adapters/abstract/connection_pool.rb:1008:in `retrieve_connection'
activerecord (5.2.1) lib/active_record/connection_handling.rb:118:in `retrieve_connection'
activerecord (5.2.1) lib/active_record/connection_handling.rb:90:in `connection'
activerecord (5.2.1) lib/active_record/migration.rb:554:in `call'
actionpack (5.2.1) lib/action_dispatch/middleware/callbacks.rb:28:in `block in call'
activesupport (5.2.1) lib/active_support/callbacks.rb:98:in `run_callbacks'
actionpack (5.2.1) lib/action_dispatch/middleware/callbacks.rb:26:in `call'
actionpack (5.2.1) lib/action_dispatch/middleware/executor.rb:14:in `call'
actionpack (5.2.1) lib/action_dispatch/middleware/debug_exceptions.rb:61:in `call'
web-console (3.7.0) lib/web_console/middleware.rb:135:in `call_app'
web-console (3.7.0) lib/web_console/middleware.rb:30:in `block in call'
web-console (3.7.0) lib/web_console/middleware.rb:20:in `catch'
web-console (3.7.0) lib/web_console/middleware.rb:20:in `call'
actionpack (5.2.1) lib/action_dispatch/middleware/show_exceptions.rb:33:in `call'
railties (5.2.1) lib/rails/rack/logger.rb:38:in `call_app'
railties (5.2.1) lib/rails/rack/logger.rb:26:in `block in call'
activesupport (5.2.1) lib/active_support/tagged_logging.rb:71:in `block in tagged'
activesupport (5.2.1) lib/active_support/tagged_logging.rb:28:in `tagged'
activesupport (5.2.1) lib/active_support/tagged_logging.rb:71:in `tagged'
railties (5.2.1) lib/rails/rack/logger.rb:26:in `call'
sprockets-rails (3.2.1) lib/sprockets/rails/quiet_assets.rb:13:in `call'
actionpack (5.2.1) lib/action_dispatch/middleware/remote_ip.rb:81:in `call'
actionpack (5.2.1) lib/action_dispatch/middleware/request_id.rb:27:in `call'
rack (2.0.6) lib/rack/method_override.rb:22:in `call'
rack (2.0.6) lib/rack/runtime.rb:22:in `call'
activesupport (5.2.1) lib/active_support/cache/strategy/local_cache_middleware.rb:29:in `call'
actionpack (5.2.1) lib/action_dispatch/middleware/executor.rb:14:in `call'
actionpack (5.2.1) lib/action_dispatch/middleware/static.rb:127:in `call'
rack (2.0.6) lib/rack/sendfile.rb:111:in `call'
railties (5.2.1) lib/rails/engine.rb:524:in `call'
puma (3.12.0) lib/puma/configuration.rb:225:in `call'
puma (3.12.0) lib/puma/server.rb:658:in `handle_request'
puma (3.12.0) lib/puma/server.rb:472:in `process_client'
puma (3.12.0) lib/puma/server.rb:332:in `block in run'
puma (3.12.0) lib/puma/thread_pool.rb:133:in `block in spawn_thread'
Started GET "/" for 127.0.0.1 at 2018-11-22 16:37:43 +0200
  
PG::ConnectionBad (could not connect to server: No such file or directory
	Is the server running locally and accepting
	connections on Unix domain socket "/var/run/postgresql/.s.PGSQL.5432"?
):
  
pg (1.1.3) lib/pg.rb:56:in `initialize'
pg (1.1.3) lib/pg.rb:56:in `new'
pg (1.1.3) lib/pg.rb:56:in `connect'
activerecord (5.2.1) lib/active_record/connection_adapters/postgresql_adapter.rb:684:in `connect'
activerecord (5.2.1) lib/active_record/connection_adapters/postgresql_adapter.rb:215:in `initialize'
activerecord (5.2.1) lib/active_record/connection_adapters/postgresql_adapter.rb:40:in `new'
activerecord (5.2.1) lib/active_record/connection_adapters/postgresql_adapter.rb:40:in `postgresql_connection'
activerecord (5.2.1) lib/active_record/connection_adapters/abstract/connection_pool.rb:809:in `new_connection'
activerecord (5.2.1) lib/active_record/connection_adapters/abstract/connection_pool.rb:853:in `checkout_new_connection'
activerecord (5.2.1) lib/active_record/connection_adapters/abstract/connection_pool.rb:832:in `try_to_checkout_new_connection'
activerecord (5.2.1) lib/active_record/connection_adapters/abstract/connection_pool.rb:793:in `acquire_connection'
activerecord (5.2.1) lib/active_record/connection_adapters/abstract/connection_pool.rb:521:in `checkout'
activerecord (5.2.1) lib/active_record/connection_adapters/abstract/connection_pool.rb:380:in `connection'
activerecord (5.2.1) lib/active_record/connection_adapters/abstract/connection_pool.rb:1008:in `retrieve_connection'
activerecord (5.2.1) lib/active_record/connection_handling.rb:118:in `retrieve_connection'
activerecord (5.2.1) lib/active_record/connection_handling.rb:90:in `connection'
activerecord (5.2.1) lib/active_record/migration.rb:554:in `call'
actionpack (5.2.1) lib/action_dispatch/middleware/callbacks.rb:28:in `block in call'
activesupport (5.2.1) lib/active_support/callbacks.rb:98:in `run_callbacks'
actionpack (5.2.1) lib/action_dispatch/middleware/callbacks.rb:26:in `call'
actionpack (5.2.1) lib/action_dispatch/middleware/executor.rb:14:in `call'
actionpack (5.2.1) lib/action_dispatch/middleware/debug_exceptions.rb:61:in `call'
web-console (3.7.0) lib/web_console/middleware.rb:135:in `call_app'
web-console (3.7.0) lib/web_console/middleware.rb:30:in `block in call'
web-console (3.7.0) lib/web_console/middleware.rb:20:in `catch'
web-console (3.7.0) lib/web_console/middleware.rb:20:in `call'
actionpack (5.2.1) lib/action_dispatch/middleware/show_exceptions.rb:33:in `call'
railties (5.2.1) lib/rails/rack/logger.rb:38:in `call_app'
railties (5.2.1) lib/rails/rack/logger.rb:26:in `block in call'
activesupport (5.2.1) lib/active_support/tagged_logging.rb:71:in `block in tagged'
activesupport (5.2.1) lib/active_support/tagged_logging.rb:28:in `tagged'
activesupport (5.2.1) lib/active_support/tagged_logging.rb:71:in `tagged'
railties (5.2.1) lib/rails/rack/logger.rb:26:in `call'
sprockets-rails (3.2.1) lib/sprockets/rails/quiet_assets.rb:13:in `call'
actionpack (5.2.1) lib/action_dispatch/middleware/remote_ip.rb:81:in `call'
actionpack (5.2.1) lib/action_dispatch/middleware/request_id.rb:27:in `call'
rack (2.0.6) lib/rack/method_override.rb:22:in `call'
rack (2.0.6) lib/rack/runtime.rb:22:in `call'
activesupport (5.2.1) lib/active_support/cache/strategy/local_cache_middleware.rb:29:in `call'
actionpack (5.2.1) lib/action_dispatch/middleware/executor.rb:14:in `call'
actionpack (5.2.1) lib/action_dispatch/middleware/static.rb:127:in `call'
rack (2.0.6) lib/rack/sendfile.rb:111:in `call'
railties (5.2.1) lib/rails/engine.rb:524:in `call'
puma (3.12.0) lib/puma/configuration.rb:225:in `call'
puma (3.12.0) lib/puma/server.rb:658:in `handle_request'
puma (3.12.0) lib/puma/server.rb:472:in `process_client'
puma (3.12.0) lib/puma/server.rb:332:in `block in run'
puma (3.12.0) lib/puma/thread_pool.rb:133:in `block in spawn_thread'
Started GET "/" for 127.0.0.1 at 2018-11-22 16:37:46 +0200
  
PG::ConnectionBad (could not connect to server: No such file or directory
	Is the server running locally and accepting
	connections on Unix domain socket "/var/run/postgresql/.s.PGSQL.5432"?
):
  
pg (1.1.3) lib/pg.rb:56:in `initialize'
pg (1.1.3) lib/pg.rb:56:in `new'
pg (1.1.3) lib/pg.rb:56:in `connect'
activerecord (5.2.1) lib/active_record/connection_adapters/postgresql_adapter.rb:684:in `connect'
activerecord (5.2.1) lib/active_record/connection_adapters/postgresql_adapter.rb:215:in `initialize'
activerecord (5.2.1) lib/active_record/connection_adapters/postgresql_adapter.rb:40:in `new'
activerecord (5.2.1) lib/active_record/connection_adapters/postgresql_adapter.rb:40:in `postgresql_connection'
activerecord (5.2.1) lib/active_record/connection_adapters/abstract/connection_pool.rb:809:in `new_connection'
activerecord (5.2.1) lib/active_record/connection_adapters/abstract/connection_pool.rb:853:in `checkout_new_connection'
activerecord (5.2.1) lib/active_record/connection_adapters/abstract/connection_pool.rb:832:in `try_to_checkout_new_connection'
activerecord (5.2.1) lib/active_record/connection_adapters/abstract/connection_pool.rb:793:in `acquire_connection'
activerecord (5.2.1) lib/active_record/connection_adapters/abstract/connection_pool.rb:521:in `checkout'
activerecord (5.2.1) lib/active_record/connection_adapters/abstract/connection_pool.rb:380:in `connection'
activerecord (5.2.1) lib/active_record/connection_adapters/abstract/connection_pool.rb:1008:in `retrieve_connection'
activerecord (5.2.1) lib/active_record/connection_handling.rb:118:in `retrieve_connection'
activerecord (5.2.1) lib/active_record/connection_handling.rb:90:in `connection'
activerecord (5.2.1) lib/active_record/migration.rb:554:in `call'
actionpack (5.2.1) lib/action_dispatch/middleware/callbacks.rb:28:in `block in call'
activesupport (5.2.1) lib/active_support/callbacks.rb:98:in `run_callbacks'
actionpack (5.2.1) lib/action_dispatch/middleware/callbacks.rb:26:in `call'
actionpack (5.2.1) lib/action_dispatch/middleware/executor.rb:14:in `call'
actionpack (5.2.1) lib/action_dispatch/middleware/debug_exceptions.rb:61:in `call'
web-console (3.7.0) lib/web_console/middleware.rb:135:in `call_app'
web-console (3.7.0) lib/web_console/middleware.rb:30:in `block in call'
web-console (3.7.0) lib/web_console/middleware.rb:20:in `catch'
web-console (3.7.0) lib/web_console/middleware.rb:20:in `call'
actionpack (5.2.1) lib/action_dispatch/middleware/show_exceptions.rb:33:in `call'
railties (5.2.1) lib/rails/rack/logger.rb:38:in `call_app'
railties (5.2.1) lib/rails/rack/logger.rb:26:in `block in call'
activesupport (5.2.1) lib/active_support/tagged_logging.rb:71:in `block in tagged'
activesupport (5.2.1) lib/active_support/tagged_logging.rb:28:in `tagged'
activesupport (5.2.1) lib/active_support/tagged_logging.rb:71:in `tagged'
railties (5.2.1) lib/rails/rack/logger.rb:26:in `call'
sprockets-rails (3.2.1) lib/sprockets/rails/quiet_assets.rb:13:in `call'
actionpack (5.2.1) lib/action_dispatch/middleware/remote_ip.rb:81:in `call'
actionpack (5.2.1) lib/action_dispatch/middleware/request_id.rb:27:in `call'
rack (2.0.6) lib/rack/method_override.rb:22:in `call'
rack (2.0.6) lib/rack/runtime.rb:22:in `call'
activesupport (5.2.1) lib/active_support/cache/strategy/local_cache_middleware.rb:29:in `call'
actionpack (5.2.1) lib/action_dispatch/middleware/executor.rb:14:in `call'
actionpack (5.2.1) lib/action_dispatch/middleware/static.rb:127:in `call'
rack (2.0.6) lib/rack/sendfile.rb:111:in `call'
railties (5.2.1) lib/rails/engine.rb:524:in `call'
puma (3.12.0) lib/puma/configuration.rb:225:in `call'
puma (3.12.0) lib/puma/server.rb:658:in `handle_request'
puma (3.12.0) lib/puma/server.rb:472:in `process_client'
puma (3.12.0) lib/puma/server.rb:332:in `block in run'
puma (3.12.0) lib/puma/thread_pool.rb:133:in `block in spawn_thread'
Started GET "/" for 127.0.0.1 at 2018-11-22 16:52:11 +0200
  
PG::ConnectionBad (could not connect to server: No such file or directory
	Is the server running locally and accepting
	connections on Unix domain socket "/var/run/postgresql/.s.PGSQL.5432"?
):
  
pg (1.1.3) lib/pg.rb:56:in `initialize'
pg (1.1.3) lib/pg.rb:56:in `new'
pg (1.1.3) lib/pg.rb:56:in `connect'
activerecord (5.2.1) lib/active_record/connection_adapters/postgresql_adapter.rb:684:in `connect'
activerecord (5.2.1) lib/active_record/connection_adapters/postgresql_adapter.rb:215:in `initialize'
activerecord (5.2.1) lib/active_record/connection_adapters/postgresql_adapter.rb:40:in `new'
activerecord (5.2.1) lib/active_record/connection_adapters/postgresql_adapter.rb:40:in `postgresql_connection'
activerecord (5.2.1) lib/active_record/connection_adapters/abstract/connection_pool.rb:809:in `new_connection'
activerecord (5.2.1) lib/active_record/connection_adapters/abstract/connection_pool.rb:853:in `checkout_new_connection'
activerecord (5.2.1) lib/active_record/connection_adapters/abstract/connection_pool.rb:832:in `try_to_checkout_new_connection'
activerecord (5.2.1) lib/active_record/connection_adapters/abstract/connection_pool.rb:793:in `acquire_connection'
activerecord (5.2.1) lib/active_record/connection_adapters/abstract/connection_pool.rb:521:in `checkout'
activerecord (5.2.1) lib/active_record/connection_adapters/abstract/connection_pool.rb:380:in `connection'
activerecord (5.2.1) lib/active_record/connection_adapters/abstract/connection_pool.rb:1008:in `retrieve_connection'
activerecord (5.2.1) lib/active_record/connection_handling.rb:118:in `retrieve_connection'
activerecord (5.2.1) lib/active_record/connection_handling.rb:90:in `connection'
activerecord (5.2.1) lib/active_record/migration.rb:554:in `call'
actionpack (5.2.1) lib/action_dispatch/middleware/callbacks.rb:28:in `block in call'
activesupport (5.2.1) lib/active_support/callbacks.rb:98:in `run_callbacks'
actionpack (5.2.1) lib/action_dispatch/middleware/callbacks.rb:26:in `call'
actionpack (5.2.1) lib/action_dispatch/middleware/executor.rb:14:in `call'
actionpack (5.2.1) lib/action_dispatch/middleware/debug_exceptions.rb:61:in `call'
web-console (3.7.0) lib/web_console/middleware.rb:135:in `call_app'
web-console (3.7.0) lib/web_console/middleware.rb:30:in `block in call'
web-console (3.7.0) lib/web_console/middleware.rb:20:in `catch'
web-console (3.7.0) lib/web_console/middleware.rb:20:in `call'
actionpack (5.2.1) lib/action_dispatch/middleware/show_exceptions.rb:33:in `call'
railties (5.2.1) lib/rails/rack/logger.rb:38:in `call_app'
railties (5.2.1) lib/rails/rack/logger.rb:26:in `block in call'
activesupport (5.2.1) lib/active_support/tagged_logging.rb:71:in `block in tagged'
activesupport (5.2.1) lib/active_support/tagged_logging.rb:28:in `tagged'
activesupport (5.2.1) lib/active_support/tagged_logging.rb:71:in `tagged'
railties (5.2.1) lib/rails/rack/logger.rb:26:in `call'
sprockets-rails (3.2.1) lib/sprockets/rails/quiet_assets.rb:13:in `call'
actionpack (5.2.1) lib/action_dispatch/middleware/remote_ip.rb:81:in `call'
actionpack (5.2.1) lib/action_dispatch/middleware/request_id.rb:27:in `call'
rack (2.0.6) lib/rack/method_override.rb:22:in `call'
rack (2.0.6) lib/rack/runtime.rb:22:in `call'
activesupport (5.2.1) lib/active_support/cache/strategy/local_cache_middleware.rb:29:in `call'
actionpack (5.2.1) lib/action_dispatch/middleware/executor.rb:14:in `call'
actionpack (5.2.1) lib/action_dispatch/middleware/static.rb:127:in `call'
rack (2.0.6) lib/rack/sendfile.rb:111:in `call'
railties (5.2.1) lib/rails/engine.rb:524:in `call'
puma (3.12.0) lib/puma/configuration.rb:225:in `call'
puma (3.12.0) lib/puma/server.rb:658:in `handle_request'
puma (3.12.0) lib/puma/server.rb:472:in `process_client'
puma (3.12.0) lib/puma/server.rb:332:in `block in run'
puma (3.12.0) lib/puma/thread_pool.rb:133:in `block in spawn_thread'
Started GET "/" for 127.0.0.1 at 2018-11-22 16:56:49 +0200
  
PG::ConnectionBad (could not connect to server: No such file or directory
	Is the server running locally and accepting
	connections on Unix domain socket "/var/run/postgresql/.s.PGSQL.5432"?
):
  
pg (1.1.3) lib/pg.rb:56:in `initialize'
pg (1.1.3) lib/pg.rb:56:in `new'
pg (1.1.3) lib/pg.rb:56:in `connect'
activerecord (5.2.1) lib/active_record/connection_adapters/postgresql_adapter.rb:684:in `connect'
activerecord (5.2.1) lib/active_record/connection_adapters/postgresql_adapter.rb:215:in `initialize'
activerecord (5.2.1) lib/active_record/connection_adapters/postgresql_adapter.rb:40:in `new'
activerecord (5.2.1) lib/active_record/connection_adapters/postgresql_adapter.rb:40:in `postgresql_connection'
activerecord (5.2.1) lib/active_record/connection_adapters/abstract/connection_pool.rb:809:in `new_connection'
activerecord (5.2.1) lib/active_record/connection_adapters/abstract/connection_pool.rb:853:in `checkout_new_connection'
activerecord (5.2.1) lib/active_record/connection_adapters/abstract/connection_pool.rb:832:in `try_to_checkout_new_connection'
activerecord (5.2.1) lib/active_record/connection_adapters/abstract/connection_pool.rb:793:in `acquire_connection'
activerecord (5.2.1) lib/active_record/connection_adapters/abstract/connection_pool.rb:521:in `checkout'
activerecord (5.2.1) lib/active_record/connection_adapters/abstract/connection_pool.rb:380:in `connection'
activerecord (5.2.1) lib/active_record/connection_adapters/abstract/connection_pool.rb:1008:in `retrieve_connection'
activerecord (5.2.1) lib/active_record/connection_handling.rb:118:in `retrieve_connection'
activerecord (5.2.1) lib/active_record/connection_handling.rb:90:in `connection'
activerecord (5.2.1) lib/active_record/migration.rb:554:in `call'
actionpack (5.2.1) lib/action_dispatch/middleware/callbacks.rb:28:in `block in call'
activesupport (5.2.1) lib/active_support/callbacks.rb:98:in `run_callbacks'
actionpack (5.2.1) lib/action_dispatch/middleware/callbacks.rb:26:in `call'
actionpack (5.2.1) lib/action_dispatch/middleware/executor.rb:14:in `call'
actionpack (5.2.1) lib/action_dispatch/middleware/debug_exceptions.rb:61:in `call'
web-console (3.7.0) lib/web_console/middleware.rb:135:in `call_app'
web-console (3.7.0) lib/web_console/middleware.rb:30:in `block in call'
web-console (3.7.0) lib/web_console/middleware.rb:20:in `catch'
web-console (3.7.0) lib/web_console/middleware.rb:20:in `call'
actionpack (5.2.1) lib/action_dispatch/middleware/show_exceptions.rb:33:in `call'
railties (5.2.1) lib/rails/rack/logger.rb:38:in `call_app'
railties (5.2.1) lib/rails/rack/logger.rb:26:in `block in call'
activesupport (5.2.1) lib/active_support/tagged_logging.rb:71:in `block in tagged'
activesupport (5.2.1) lib/active_support/tagged_logging.rb:28:in `tagged'
activesupport (5.2.1) lib/active_support/tagged_logging.rb:71:in `tagged'
railties (5.2.1) lib/rails/rack/logger.rb:26:in `call'
sprockets-rails (3.2.1) lib/sprockets/rails/quiet_assets.rb:13:in `call'
actionpack (5.2.1) lib/action_dispatch/middleware/remote_ip.rb:81:in `call'
actionpack (5.2.1) lib/action_dispatch/middleware/request_id.rb:27:in `call'
rack (2.0.6) lib/rack/method_override.rb:22:in `call'
rack (2.0.6) lib/rack/runtime.rb:22:in `call'
activesupport (5.2.1) lib/active_support/cache/strategy/local_cache_middleware.rb:29:in `call'
actionpack (5.2.1) lib/action_dispatch/middleware/executor.rb:14:in `call'
actionpack (5.2.1) lib/action_dispatch/middleware/static.rb:127:in `call'
rack (2.0.6) lib/rack/sendfile.rb:111:in `call'
railties (5.2.1) lib/rails/engine.rb:524:in `call'
puma (3.12.0) lib/puma/configuration.rb:225:in `call'
puma (3.12.0) lib/puma/server.rb:658:in `handle_request'
puma (3.12.0) lib/puma/server.rb:472:in `process_client'
puma (3.12.0) lib/puma/server.rb:332:in `block in run'
puma (3.12.0) lib/puma/thread_pool.rb:133:in `block in spawn_thread'
Started GET "/" for 127.0.0.1 at 2018-11-22 17:02:00 +0200
  
PG::ConnectionBad (could not connect to server: No such file or directory
	Is the server running locally and accepting
	connections on Unix domain socket "/var/run/postgresql/.s.PGSQL.5432"?
):
  
pg (1.1.3) lib/pg.rb:56:in `initialize'
pg (1.1.3) lib/pg.rb:56:in `new'
pg (1.1.3) lib/pg.rb:56:in `connect'
activerecord (5.2.1) lib/active_record/connection_adapters/postgresql_adapter.rb:684:in `connect'
activerecord (5.2.1) lib/active_record/connection_adapters/postgresql_adapter.rb:215:in `initialize'
activerecord (5.2.1) lib/active_record/connection_adapters/postgresql_adapter.rb:40:in `new'
activerecord (5.2.1) lib/active_record/connection_adapters/postgresql_adapter.rb:40:in `postgresql_connection'
activerecord (5.2.1) lib/active_record/connection_adapters/abstract/connection_pool.rb:809:in `new_connection'
activerecord (5.2.1) lib/active_record/connection_adapters/abstract/connection_pool.rb:853:in `checkout_new_connection'
activerecord (5.2.1) lib/active_record/connection_adapters/abstract/connection_pool.rb:832:in `try_to_checkout_new_connection'
activerecord (5.2.1) lib/active_record/connection_adapters/abstract/connection_pool.rb:793:in `acquire_connection'
activerecord (5.2.1) lib/active_record/connection_adapters/abstract/connection_pool.rb:521:in `checkout'
activerecord (5.2.1) lib/active_record/connection_adapters/abstract/connection_pool.rb:380:in `connection'
activerecord (5.2.1) lib/active_record/connection_adapters/abstract/connection_pool.rb:1008:in `retrieve_connection'
activerecord (5.2.1) lib/active_record/connection_handling.rb:118:in `retrieve_connection'
activerecord (5.2.1) lib/active_record/connection_handling.rb:90:in `connection'
activerecord (5.2.1) lib/active_record/migration.rb:554:in `call'
actionpack (5.2.1) lib/action_dispatch/middleware/callbacks.rb:28:in `block in call'
activesupport (5.2.1) lib/active_support/callbacks.rb:98:in `run_callbacks'
actionpack (5.2.1) lib/action_dispatch/middleware/callbacks.rb:26:in `call'
actionpack (5.2.1) lib/action_dispatch/middleware/executor.rb:14:in `call'
actionpack (5.2.1) lib/action_dispatch/middleware/debug_exceptions.rb:61:in `call'
web-console (3.7.0) lib/web_console/middleware.rb:135:in `call_app'
web-console (3.7.0) lib/web_console/middleware.rb:30:in `block in call'
web-console (3.7.0) lib/web_console/middleware.rb:20:in `catch'
web-console (3.7.0) lib/web_console/middleware.rb:20:in `call'
actionpack (5.2.1) lib/action_dispatch/middleware/show_exceptions.rb:33:in `call'
railties (5.2.1) lib/rails/rack/logger.rb:38:in `call_app'
railties (5.2.1) lib/rails/rack/logger.rb:26:in `block in call'
activesupport (5.2.1) lib/active_support/tagged_logging.rb:71:in `block in tagged'
activesupport (5.2.1) lib/active_support/tagged_logging.rb:28:in `tagged'
activesupport (5.2.1) lib/active_support/tagged_logging.rb:71:in `tagged'
railties (5.2.1) lib/rails/rack/logger.rb:26:in `call'
sprockets-rails (3.2.1) lib/sprockets/rails/quiet_assets.rb:13:in `call'
actionpack (5.2.1) lib/action_dispatch/middleware/remote_ip.rb:81:in `call'
actionpack (5.2.1) lib/action_dispatch/middleware/request_id.rb:27:in `call'
rack (2.0.6) lib/rack/method_override.rb:22:in `call'
rack (2.0.6) lib/rack/runtime.rb:22:in `call'
activesupport (5.2.1) lib/active_support/cache/strategy/local_cache_middleware.rb:29:in `call'
actionpack (5.2.1) lib/action_dispatch/middleware/executor.rb:14:in `call'
actionpack (5.2.1) lib/action_dispatch/middleware/static.rb:127:in `call'
rack (2.0.6) lib/rack/sendfile.rb:111:in `call'
railties (5.2.1) lib/rails/engine.rb:524:in `call'
puma (3.12.0) lib/puma/configuration.rb:225:in `call'
puma (3.12.0) lib/puma/server.rb:658:in `handle_request'
puma (3.12.0) lib/puma/server.rb:472:in `process_client'
puma (3.12.0) lib/puma/server.rb:332:in `block in run'
puma (3.12.0) lib/puma/thread_pool.rb:133:in `block in spawn_thread'
  [1m[35m (1.3ms)[0m  [1m[35mCREATE DATABASE "task_g_development" ENCODING = 'unicode'[0m
  ↳ bin/rails:9
  [1m[35m (1.2ms)[0m  [1m[35mCREATE DATABASE "task_g_development" ENCODING = 'unicode'[0m
  ↳ bin/rails:9
Started GET "/" for 127.0.0.1 at 2018-11-22 17:26:21 +0200
Processing by PagesController#index as HTML
  Rendering pages/index.html.erb within layouts/application
  Rendered pages/index.html.erb within layouts/application (186.9ms)
Completed 200 OK in 13226ms (Views: 13174.2ms | ActiveRecord: 0.0ms)


Started GET "/show?task=sixty_five" for 127.0.0.1 at 2018-11-22 17:26:44 +0200
Processing by PagesController#show as HTML
  Parameters: {"task"=>"sixty_five"}
  Rendering pages/show.html.erb within layouts/application
  Rendered pages/show.html.erb within layouts/application (3.0ms)
Completed 200 OK in 167ms (Views: 67.0ms | ActiveRecord: 0.0ms)


Started GET "/show?task=ariphmetic" for 127.0.0.1 at 2018-11-22 17:26:49 +0200
Processing by PagesController#show as HTML
  Parameters: {"task"=>"ariphmetic"}
  Rendering pages/show.html.erb within layouts/application
  Rendered pages/show.html.erb within layouts/application (4.3ms)
Completed 200 OK in 74ms (Views: 71.2ms | ActiveRecord: 0.0ms)


Started GET "/show?utf8=%E2%9C%93&task=ariphmetic&args%5Ba%5D=12&args%5Bb%5D=4&commit=Calculate" for 127.0.0.1 at 2018-11-22 17:26:52 +0200
Processing by PagesController#show as HTML
  Parameters: {"utf8"=>"✓", "task"=>"ariphmetic", "args"=>{"a"=>"12", "b"=>"4"}, "commit"=>"Calculate"}
Completed 500 Internal Server Error in 3ms (ActiveRecord: 0.0ms)


  
Math::DomainError (Numerical argument is out of domain - "sqrt"):
  
app/controllers/pages_controller.rb:17:in `block in show'
app/controllers/pages_controller.rb:17:in `map'
app/controllers/pages_controller.rb:17:in `show'
Started GET "/show?utf8=%E2%9C%93&task=ariphmetic&args%5Ba%5D=12&args%5Bb%5D=4&commit=Calculate" for 127.0.0.1 at 2018-11-22 17:29:31 +0200
  
LoadError (cannot load such file -- mathn):
  
app/controllers/pages_controller.rb:3:in `<class:PagesController>'
app/controllers/pages_controller.rb:1:in `<main>'
Started GET "/show?utf8=%E2%9C%93&task=ariphmetic&args%5Ba%5D=12&args%5Bb%5D=4&commit=Calculate" for 127.0.0.1 at 2018-11-22 17:29:50 +0200
  
LoadError (cannot load such file -- /home/max/task_g/mathn):
  
app/controllers/pages_controller.rb:3:in `<class:PagesController>'
app/controllers/pages_controller.rb:1:in `<main>'
Started GET "/show?utf8=%E2%9C%93&task=ariphmetic&args%5Ba%5D=12&args%5Bb%5D=4&commit=Calculate" for 127.0.0.1 at 2018-11-22 17:30:13 +0200
  
LoadError (cannot load such file -- mathn):
  
app/controllers/pages_controller.rb:3:in `<class:PagesController>'
app/controllers/pages_controller.rb:1:in `<main>'
Started GET "/show?utf8=%E2%9C%93&task=ariphmetic&args%5Ba%5D=12&args%5Bb%5D=4&commit=Calculate" for 127.0.0.1 at 2018-11-22 17:31:18 +0200
  
LoadError (cannot load such file -- math):
  
app/controllers/pages_controller.rb:3:in `<class:PagesController>'
app/controllers/pages_controller.rb:1:in `<main>'
Started GET "/show?utf8=%E2%9C%93&task=ariphmetic&args%5Ba%5D=12&args%5Bb%5D=4&commit=Calculate" for 127.0.0.1 at 2018-11-22 17:33:08 +0200
  
LoadError (cannot load such file -- /home/max/task_g/math):
  
app/controllers/pages_controller.rb:3:in `<class:PagesController>'
app/controllers/pages_controller.rb:1:in `<main>'
Started GET "/show?utf8=%E2%9C%93&task=ariphmetic&args%5Ba%5D=12&args%5Bb%5D=4&commit=Calculate" for 127.0.0.1 at 2018-11-22 17:33:44 +0200
  
ActionController::RoutingError (undefined method `require_relatiev' for PagesController:Class
Did you mean?  require_relative):
  
app/controllers/pages_controller.rb:3:in `<class:PagesController>'
app/controllers/pages_controller.rb:1:in `<main>'
Started GET "/show?utf8=%E2%9C%93&task=ariphmetic&args%5Ba%5D=12&args%5Bb%5D=4&commit=Calculate" for 127.0.0.1 at 2018-11-22 17:33:56 +0200
  
LoadError (cannot load such file -- /home/max/task_g/app/controllers/math):
  
app/controllers/pages_controller.rb:3:in `<class:PagesController>'
app/controllers/pages_controller.rb:1:in `<main>'
Started GET "/show?utf8=%E2%9C%93&task=ariphmetic&args%5Ba%5D=12&args%5Bb%5D=4&commit=Calculate" for 127.0.0.1 at 2018-11-22 17:34:59 +0200
  
LoadError (cannot load such file -- math):
  
app/controllers/pages_controller.rb:3:in `<class:PagesController>'
app/controllers/pages_controller.rb:1:in `<main>'
Started GET "/show?utf8=%E2%9C%93&task=ariphmetic&args%5Ba%5D=12&args%5Bb%5D=4&commit=Calculate" for 127.0.0.1 at 2018-11-22 17:36:14 +0200
  
LoadError (cannot load such file -- math):
  
app/controllers/pages_controller.rb:3:in `<class:PagesController>'
app/controllers/pages_controller.rb:1:in `<main>'
Started GET "/show?utf8=%E2%9C%93&task=ariphmetic&args%5Ba%5D=12&args%5Bb%5D=4&commit=Calculate" for 127.0.0.1 at 2018-11-22 17:36:20 +0200
Processing by PagesController#show as HTML
  Parameters: {"utf8"=>"✓", "task"=>"ariphmetic", "args"=>{"a"=>"12", "b"=>"4"}, "commit"=>"Calculate"}
Completed 500 Internal Server Error in 2ms (ActiveRecord: 0.0ms)


  
Math::DomainError (Numerical argument is out of domain - "sqrt"):
  
app/controllers/pages_controller.rb:18:in `block in show'
app/controllers/pages_controller.rb:18:in `map'
app/controllers/pages_controller.rb:18:in `show'
Started GET "/" for 127.0.0.1 at 2018-11-22 17:36:39 +0200
Processing by PagesController#index as HTML
  Rendering pages/index.html.erb within layouts/application
  Rendered pages/index.html.erb within layouts/application (93.8ms)
Completed 200 OK in 1508ms (Views: 1504.1ms | ActiveRecord: 0.0ms)


Started GET "/" for 127.0.0.1 at 2018-11-22 17:36:57 +0200
Processing by PagesController#index as HTML
  Rendering pages/index.html.erb within layouts/application
  Rendered pages/index.html.erb within layouts/application (8.2ms)
Completed 200 OK in 72ms (Views: 69.2ms | ActiveRecord: 0.0ms)


Started GET "/show?task=sixty_five" for 127.0.0.1 at 2018-11-22 17:37:03 +0200
Processing by PagesController#show as HTML
  Parameters: {"task"=>"sixty_five"}
  Rendering pages/show.html.erb within layouts/application
  Rendered pages/show.html.erb within layouts/application (3.4ms)
Completed 200 OK in 72ms (Views: 68.6ms | ActiveRecord: 0.0ms)


Started GET "/show?utf8=%E2%9C%93&task=sixty_five&args%5Bn%5D=bn&commit=Calculate" for 127.0.0.1 at 2018-11-22 17:37:06 +0200
Processing by PagesController#show as HTML
  Parameters: {"utf8"=>"✓", "task"=>"sixty_five", "args"=>{"n"=>"bn"}, "commit"=>"Calculate"}
Completed 500 Internal Server Error in 5ms (ActiveRecord: 0.0ms)


  
NoMethodError (undefined method `/' for "bn":String):
  
app/controllers/pages_controller.rb:18:in `block in show'
app/controllers/pages_controller.rb:18:in `map'
app/controllers/pages_controller.rb:18:in `show'
Started GET "/" for 127.0.0.1 at 2018-11-22 17:37:22 +0200
Processing by PagesController#index as HTML
  Rendering pages/index.html.erb within layouts/application
  Rendered pages/index.html.erb within layouts/application (10.0ms)
Completed 200 OK in 80ms (Views: 77.6ms | ActiveRecord: 0.0ms)


Started GET "/show?task=string" for 127.0.0.1 at 2018-11-22 17:37:24 +0200
Processing by PagesController#show as HTML
  Parameters: {"task"=>"string"}
  Rendering pages/show.html.erb within layouts/application
  Rendered pages/show.html.erb within layouts/application (3.7ms)
Completed 200 OK in 71ms (Views: 68.7ms | ActiveRecord: 0.0ms)


Started GET "/show?utf8=%E2%9C%93&task=string&args%5Bn%5D=string&commit=Calculate" for 127.0.0.1 at 2018-11-22 17:37:27 +0200
Processing by PagesController#show as HTML
  Parameters: {"utf8"=>"✓", "task"=>"string", "args"=>{"n"=>"string"}, "commit"=>"Calculate"}
  Rendering pages/show.html.erb within layouts/application
  Rendered pages/show.html.erb within layouts/application (2.9ms)
Completed 200 OK in 68ms (Views: 64.9ms | ActiveRecord: 0.0ms)


Started GET "/" for 127.0.0.1 at 2018-11-22 17:37:45 +0200
Processing by PagesController#index as HTML
  Rendering pages/index.html.erb within layouts/application
  Rendered pages/index.html.erb within layouts/application (9.4ms)
Completed 200 OK in 77ms (Views: 74.0ms | ActiveRecord: 0.0ms)


Started GET "/show?task=two_tasks" for 127.0.0.1 at 2018-11-22 17:37:47 +0200
Processing by PagesController#show as HTML
  Parameters: {"task"=>"two_tasks"}
  Rendering pages/show.html.erb within layouts/application
  Rendered pages/show.html.erb within layouts/application (3.7ms)
Completed 200 OK in 80ms (Views: 77.6ms | ActiveRecord: 0.0ms)


Started GET "/show?utf8=%E2%9C%93&task=two_tasks&args%5Bx%5D=12&commit=Calculate" for 127.0.0.1 at 2018-11-22 17:37:50 +0200
Processing by PagesController#show as HTML
  Parameters: {"utf8"=>"✓", "task"=>"two_tasks", "args"=>{"x"=>"12"}, "commit"=>"Calculate"}
  Rendering pages/show.html.erb within layouts/application
  Rendered pages/show.html.erb within layouts/application (4.4ms)
Completed 200 OK in 101ms (Views: 98.3ms | ActiveRecord: 0.0ms)


Started GET "/" for 127.0.0.1 at 2018-11-22 17:37:54 +0200
Processing by PagesController#index as HTML
  Rendering pages/index.html.erb within layouts/application
  Rendered pages/index.html.erb within layouts/application (9.6ms)
Completed 200 OK in 79ms (Views: 76.6ms | ActiveRecord: 0.0ms)


Started GET "/show?task=sixty_five" for 127.0.0.1 at 2018-11-22 17:37:56 +0200
Processing by PagesController#show as HTML
  Parameters: {"task"=>"sixty_five"}
  Rendering pages/show.html.erb within layouts/application
  Rendered pages/show.html.erb within layouts/application (3.4ms)
Completed 200 OK in 77ms (Views: 74.1ms | ActiveRecord: 0.0ms)


Started GET "/show?utf8=%E2%9C%93&task=sixty_five&args%5Bn%5D=12&commit=Calculate" for 127.0.0.1 at 2018-11-22 17:37:58 +0200
Processing by PagesController#show as HTML
  Parameters: {"utf8"=>"✓", "task"=>"sixty_five", "args"=>{"n"=>"12"}, "commit"=>"Calculate"}
  Rendering pages/show.html.erb within layouts/application
  Rendered pages/show.html.erb within layouts/application (6.7ms)
Completed 200 OK in 80ms (Views: 77.1ms | ActiveRecord: 0.0ms)


Started GET "/" for 127.0.0.1 at 2018-11-22 17:38:03 +0200
Processing by PagesController#index as HTML
  Rendering pages/index.html.erb within layouts/application
  Rendered pages/index.html.erb within layouts/application (8.4ms)
Completed 200 OK in 76ms (Views: 73.5ms | ActiveRecord: 0.0ms)


Started GET "/show?task=simple_operation" for 127.0.0.1 at 2018-11-22 17:38:05 +0200
Processing by PagesController#show as HTML
  Parameters: {"task"=>"simple_operation"}
  Rendering pages/show.html.erb within layouts/application
  Rendered pages/show.html.erb within layouts/application (3.3ms)
Completed 200 OK in 69ms (Views: 67.3ms | ActiveRecord: 0.0ms)


Started GET "/" for 127.0.0.1 at 2018-11-22 17:38:07 +0200
Processing by PagesController#index as HTML
  Rendering pages/index.html.erb within layouts/application
  Rendered pages/index.html.erb within layouts/application (9.8ms)
Completed 200 OK in 87ms (Views: 84.7ms | ActiveRecord: 0.0ms)


Started GET "/show?task=sixty_five" for 127.0.0.1 at 2018-11-22 17:38:09 +0200
Processing by PagesController#show as HTML
  Parameters: {"task"=>"sixty_five"}
  Rendering pages/show.html.erb within layouts/application
  Rendered pages/show.html.erb within layouts/application (4.0ms)
Completed 200 OK in 90ms (Views: 87.5ms | ActiveRecord: 0.0ms)


Started GET "/" for 127.0.0.1 at 2018-11-22 17:38:10 +0200
Processing by PagesController#index as HTML
  Rendering pages/index.html.erb within layouts/application
  Rendered pages/index.html.erb within layouts/application (8.8ms)
Completed 200 OK in 83ms (Views: 80.3ms | ActiveRecord: 0.0ms)


Started GET "/show?task=simple_operation" for 127.0.0.1 at 2018-11-22 17:38:11 +0200
Processing by PagesController#show as HTML
  Parameters: {"task"=>"simple_operation"}
  Rendering pages/show.html.erb within layouts/application
  Rendered pages/show.html.erb within layouts/application (6.4ms)
Completed 200 OK in 70ms (Views: 67.6ms | ActiveRecord: 0.0ms)


Started GET "/show?utf8=%E2%9C%93&task=simple_operation&args%5Bx%5D=12&args%5By%5D=4&commit=Calculate" for 127.0.0.1 at 2018-11-22 17:38:14 +0200
Processing by PagesController#show as HTML
  Parameters: {"utf8"=>"✓", "task"=>"simple_operation", "args"=>{"x"=>"12", "y"=>"4"}, "commit"=>"Calculate"}
  Rendering pages/show.html.erb within layouts/application
  Rendered pages/show.html.erb within layouts/application (4.6ms)
Completed 200 OK in 79ms (Views: 75.7ms | ActiveRecord: 0.0ms)


Started GET "/" for 127.0.0.1 at 2018-11-22 17:38:16 +0200
Processing by PagesController#index as HTML
  Rendering pages/index.html.erb within layouts/application
  Rendered pages/index.html.erb within layouts/application (9.4ms)
Completed 200 OK in 75ms (Views: 72.0ms | ActiveRecord: 0.0ms)


Started GET "/show?task=powers" for 127.0.0.1 at 2018-11-22 17:38:20 +0200
Processing by PagesController#show as HTML
  Parameters: {"task"=>"powers"}
  Rendering pages/show.html.erb within layouts/application
  Rendered pages/show.html.erb within layouts/application (4.3ms)
Completed 200 OK in 73ms (Views: 69.9ms | ActiveRecord: 0.0ms)


Started GET "/show?utf8=%E2%9C%93&task=powers&args%5Bm1%5D=12&args%5Bm2%5D=12&args%5Br%5D=12&commit=Calculate" for 127.0.0.1 at 2018-11-22 17:38:24 +0200
Processing by PagesController#show as HTML
  Parameters: {"utf8"=>"✓", "task"=>"powers", "args"=>{"m1"=>"12", "m2"=>"12", "r"=>"12"}, "commit"=>"Calculate"}
  Rendering pages/show.html.erb within layouts/application
  Rendered pages/show.html.erb within layouts/application (5.1ms)
Completed 200 OK in 80ms (Views: 76.6ms | ActiveRecord: 0.0ms)


Started GET "/" for 127.0.0.1 at 2018-11-22 17:38:25 +0200
Processing by PagesController#index as HTML
  Rendering pages/index.html.erb within layouts/application
  Rendered pages/index.html.erb within layouts/application (9.9ms)
Completed 200 OK in 90ms (Views: 86.9ms | ActiveRecord: 0.0ms)


Started GET "/show?task=sixty_five" for 127.0.0.1 at 2018-11-22 17:38:28 +0200
Processing by PagesController#show as HTML
  Parameters: {"task"=>"sixty_five"}
  Rendering pages/show.html.erb within layouts/application
  Rendered pages/show.html.erb within layouts/application (3.1ms)
Completed 200 OK in 75ms (Views: 72.5ms | ActiveRecord: 0.0ms)


Started GET "/" for 127.0.0.1 at 2018-11-22 17:38:28 +0200
Processing by PagesController#index as HTML
  Rendering pages/index.html.erb within layouts/application
  Rendered pages/index.html.erb within layouts/application (8.9ms)
Completed 200 OK in 82ms (Views: 79.8ms | ActiveRecord: 0.0ms)


Started GET "/show?task=fou_one" for 127.0.0.1 at 2018-11-22 17:38:30 +0200
Processing by PagesController#show as HTML
  Parameters: {"task"=>"fou_one"}
  Rendering pages/show.html.erb within layouts/application
  Rendered pages/show.html.erb within layouts/application (5.0ms)
Completed 200 OK in 81ms (Views: 77.9ms | ActiveRecord: 0.0ms)


Started GET "/show?utf8=%E2%9C%93&task=fou_one&args%5Ba%5D=1&args%5Bb%5D=2&args%5Bc%5D=3&commit=Calculate" for 127.0.0.1 at 2018-11-22 17:38:33 +0200
Processing by PagesController#show as HTML
  Parameters: {"utf8"=>"✓", "task"=>"fou_one", "args"=>{"a"=>"1", "b"=>"2", "c"=>"3"}, "commit"=>"Calculate"}
  Rendering pages/show.html.erb within layouts/application
  Rendered pages/show.html.erb within layouts/application (4.9ms)
Completed 200 OK in 78ms (Views: 74.6ms | ActiveRecord: 0.0ms)


Started GET "/" for 127.0.0.1 at 2018-11-22 17:38:38 +0200
Processing by PagesController#index as HTML
  Rendering pages/index.html.erb within layouts/application
  Rendered pages/index.html.erb within layouts/application (8.9ms)
Completed 200 OK in 77ms (Views: 74.9ms | ActiveRecord: 0.0ms)


Started GET "/show?task=half_or_double" for 127.0.0.1 at 2018-11-22 17:38:39 +0200
Processing by PagesController#show as HTML
  Parameters: {"task"=>"half_or_double"}
  Rendering pages/show.html.erb within layouts/application
  Rendered pages/show.html.erb within layouts/application (3.9ms)
Completed 200 OK in 91ms (Views: 87.9ms | ActiveRecord: 0.0ms)


Started GET "/show?utf8=%E2%9C%93&task=half_or_double&args%5Bx%5D=12&args%5By%5D=4&commit=Calculate" for 127.0.0.1 at 2018-11-22 17:38:42 +0200
Processing by PagesController#show as HTML
  Parameters: {"utf8"=>"✓", "task"=>"half_or_double", "args"=>{"x"=>"12", "y"=>"4"}, "commit"=>"Calculate"}
  Rendering pages/show.html.erb within layouts/application
  Rendered pages/show.html.erb within layouts/application (4.3ms)
Completed 200 OK in 76ms (Views: 73.4ms | ActiveRecord: 0.0ms)


Started GET "/" for 127.0.0.1 at 2018-11-22 17:38:43 +0200
Processing by PagesController#index as HTML
  Rendering pages/index.html.erb within layouts/application
  Rendered pages/index.html.erb within layouts/application (8.4ms)
Completed 200 OK in 78ms (Views: 75.7ms | ActiveRecord: 0.0ms)


Started GET "/show?task=ariphmetic" for 127.0.0.1 at 2018-11-22 17:38:47 +0200
Processing by PagesController#show as HTML
  Parameters: {"task"=>"ariphmetic"}
  Rendering pages/show.html.erb within layouts/application
  Rendered pages/show.html.erb within layouts/application (3.5ms)
Completed 200 OK in 73ms (Views: 71.1ms | ActiveRecord: 0.0ms)


Started GET "/show?utf8=%E2%9C%93&task=ariphmetic&args%5Ba%5D=5&args%5Bb%5D=12&commit=Calculate" for 127.0.0.1 at 2018-11-22 17:38:50 +0200
Processing by PagesController#show as HTML
  Parameters: {"utf8"=>"✓", "task"=>"ariphmetic", "args"=>{"a"=>"5", "b"=>"12"}, "commit"=>"Calculate"}
  Rendering pages/show.html.erb within layouts/application
  Rendered pages/show.html.erb within layouts/application (4.5ms)
Completed 200 OK in 77ms (Views: 74.7ms | ActiveRecord: 0.0ms)


Started GET "/" for 127.0.0.1 at 2018-11-22 17:38:51 +0200
Processing by PagesController#index as HTML
  Rendering pages/index.html.erb within layouts/application
  Rendered pages/index.html.erb within layouts/application (11.4ms)
Completed 200 OK in 79ms (Views: 77.1ms | ActiveRecord: 0.0ms)


Started GET "/pages?page=2" for 127.0.0.1 at 2018-11-22 17:38:53 +0200
Processing by PagesController#index as HTML
  Parameters: {"page"=>"2"}
  Rendering pages/index.html.erb within layouts/application
  Rendered pages/index.html.erb within layouts/application (9.2ms)
Completed 200 OK in 70ms (Views: 67.9ms | ActiveRecord: 0.0ms)


Started GET "/show?task=quadratic_equation" for 127.0.0.1 at 2018-11-22 17:38:54 +0200
Processing by PagesController#show as HTML
  Parameters: {"task"=>"quadratic_equation"}
  Rendering pages/show.html.erb within layouts/application
  Rendered pages/show.html.erb within layouts/application (4.2ms)
Completed 200 OK in 89ms (Views: 85.4ms | ActiveRecord: 0.0ms)


Started GET "/show?utf8=%E2%9C%93&task=quadratic_equation&args%5Ba%5D=12&args%5Bb%5D=4&args%5Bc%5D=3&commit=Calculate" for 127.0.0.1 at 2018-11-22 17:38:58 +0200
Processing by PagesController#show as HTML
  Parameters: {"utf8"=>"✓", "task"=>"quadratic_equation", "args"=>{"a"=>"12", "b"=>"4", "c"=>"3"}, "commit"=>"Calculate"}
  Rendering pages/show.html.erb within layouts/application
  Rendered pages/show.html.erb within layouts/application (5.8ms)
Completed 200 OK in 81ms (Views: 76.3ms | ActiveRecord: 0.0ms)


Started GET "/" for 127.0.0.1 at 2018-11-22 17:38:59 +0200
Processing by PagesController#index as HTML
  Rendering pages/index.html.erb within layouts/application
  Rendered pages/index.html.erb within layouts/application (9.0ms)
Completed 200 OK in 79ms (Views: 76.0ms | ActiveRecord: 0.0ms)


Started GET "/show?task=sixty_five" for 127.0.0.1 at 2018-11-22 17:39:04 +0200
Processing by PagesController#show as HTML
  Parameters: {"task"=>"sixty_five"}
  Rendering pages/show.html.erb within layouts/application
  Rendered pages/show.html.erb within layouts/application (3.6ms)
Completed 200 OK in 74ms (Views: 71.7ms | ActiveRecord: 0.0ms)


Started GET "/show?utf8=%E2%9C%93&task=sixty_five&args%5Bn%5D=string&commit=Calculate" for 127.0.0.1 at 2018-11-22 17:39:06 +0200
Processing by PagesController#show as HTML
  Parameters: {"utf8"=>"✓", "task"=>"sixty_five", "args"=>{"n"=>"string"}, "commit"=>"Calculate"}
Completed 500 Internal Server Error in 5ms (ActiveRecord: 0.0ms)


  
NoMethodError (undefined method `/' for "string":String):
  
app/controllers/pages_controller.rb:18:in `block in show'
app/controllers/pages_controller.rb:18:in `map'
app/controllers/pages_controller.rb:18:in `show'
Started GET "/show?utf8=%E2%9C%93&task=sixty_five&args%5Bn%5D=12&commit=Calculate" for 127.0.0.1 at 2018-11-22 17:39:35 +0200
Processing by PagesController#show as HTML
  Parameters: {"utf8"=>"✓", "task"=>"sixty_five", "args"=>{"n"=>"12"}, "commit"=>"Calculate"}
  Rendering pages/show.html.erb within layouts/application
  Rendered pages/show.html.erb within layouts/application (4.1ms)
Completed 200 OK in 93ms (Views: 90.0ms | ActiveRecord: 0.0ms)


Started GET "/" for 127.0.0.1 at 2018-11-22 17:39:36 +0200
Processing by PagesController#index as HTML
  Rendering pages/index.html.erb within layouts/application
  Rendered pages/index.html.erb within layouts/application (9.3ms)
Completed 200 OK in 78ms (Views: 75.2ms | ActiveRecord: 0.0ms)


Started GET "/pages?page=3" for 127.0.0.1 at 2018-11-22 17:39:39 +0200
Processing by PagesController#index as HTML
  Parameters: {"page"=>"3"}
  Rendering pages/index.html.erb within layouts/application
  Rendered pages/index.html.erb within layouts/application (8.7ms)
Completed 200 OK in 70ms (Views: 67.1ms | ActiveRecord: 0.0ms)


Started GET "/show?task=rad" for 127.0.0.1 at 2018-11-22 17:39:40 +0200
Processing by PagesController#show as HTML
  Parameters: {"task"=>"rad"}
  Rendering pages/show.html.erb within layouts/application
  Rendered pages/show.html.erb within layouts/application (3.8ms)
Completed 200 OK in 75ms (Views: 73.0ms | ActiveRecord: 0.0ms)


Started GET "/show?utf8=%E2%9C%93&task=rad&args%5Br1%5D=1&args%5Br2%5D=3&commit=Calculate" for 127.0.0.1 at 2018-11-22 17:39:43 +0200
Processing by PagesController#show as HTML
  Parameters: {"utf8"=>"✓", "task"=>"rad", "args"=>{"r1"=>"1", "r2"=>"3"}, "commit"=>"Calculate"}
  Rendering pages/show.html.erb within layouts/application
  Rendered pages/show.html.erb within layouts/application (4.2ms)
Completed 200 OK in 79ms (Views: 76.0ms | ActiveRecord: 0.0ms)


Started GET "/" for 127.0.0.1 at 2018-11-22 17:39:44 +0200
Processing by PagesController#index as HTML
  Rendering pages/index.html.erb within layouts/application
  Rendered pages/index.html.erb within layouts/application (9.3ms)
Completed 200 OK in 81ms (Views: 78.0ms | ActiveRecord: 0.0ms)


Started GET "/pages?page=4" for 127.0.0.1 at 2018-11-22 17:39:46 +0200
Processing by PagesController#index as HTML
  Parameters: {"page"=>"4"}
  Rendering pages/index.html.erb within layouts/application
  Rendered pages/index.html.erb within layouts/application (9.1ms)
Completed 200 OK in 74ms (Views: 70.7ms | ActiveRecord: 0.0ms)


Started GET "/show?task=age" for 127.0.0.1 at 2018-11-22 17:39:51 +0200
Processing by PagesController#show as HTML
  Parameters: {"task"=>"age"}
  Rendering pages/show.html.erb within layouts/application
  Rendered pages/show.html.erb within layouts/application (17.3ms)
Completed 200 OK in 89ms (Views: 86.0ms | ActiveRecord: 0.0ms)


Started GET "/show?utf8=%E2%9C%93&task=age&args%5Bn%5D=14&commit=Calculate" for 127.0.0.1 at 2018-11-22 17:39:53 +0200
Processing by PagesController#show as HTML
  Parameters: {"utf8"=>"✓", "task"=>"age", "args"=>{"n"=>"14"}, "commit"=>"Calculate"}
  Rendering pages/show.html.erb within layouts/application
  Rendered pages/show.html.erb within layouts/application (4.0ms)
Completed 200 OK in 82ms (Views: 79.0ms | ActiveRecord: 0.0ms)


Started GET "/" for 127.0.0.1 at 2018-11-22 17:39:54 +0200
Processing by PagesController#index as HTML
  Rendering pages/index.html.erb within layouts/application
  Rendered pages/index.html.erb within layouts/application (8.5ms)
Completed 200 OK in 79ms (Views: 76.0ms | ActiveRecord: 0.0ms)


Started GET "/" for 127.0.0.1 at 2018-11-22 17:51:25 +0200
Processing by PagesController#index as HTML
  Rendering pages/index.html.erb within layouts/application
  Rendered pages/index.html.erb within layouts/application (7.5ms)
Completed 200 OK in 72ms (Views: 69.7ms | ActiveRecord: 0.0ms)


Started GET "/pages?page=7" for 127.0.0.1 at 2018-11-22 18:10:24 +0200
Processing by PagesController#index as HTML
  Parameters: {"page"=>"7"}
  Rendering pages/index.html.erb within layouts/application
  Rendered pages/index.html.erb within layouts/application (60.8ms)
Completed 200 OK in 1191ms (Views: 1171.2ms | ActiveRecord: 0.0ms)


Started GET "/show?task=factor" for 127.0.0.1 at 2018-11-22 18:10:35 +0200
Processing by PagesController#show as HTML
  Parameters: {"task"=>"factor"}
  Rendering pages/show.html.erb within layouts/application
  Rendered pages/show.html.erb within layouts/application (3.6ms)
Completed 200 OK in 70ms (Views: 66.1ms | ActiveRecord: 0.0ms)


Started GET "/show?utf8=%E2%9C%93&task=factor&args%5Bn%5D=12&commit=Calculate" for 127.0.0.1 at 2018-11-22 18:10:40 +0200
Processing by PagesController#show as HTML
  Parameters: {"utf8"=>"✓", "task"=>"factor", "args"=>{"n"=>"12"}, "commit"=>"Calculate"}
  Rendering pages/show.html.erb within layouts/application
  Rendered pages/show.html.erb within layouts/application (5.4ms)
Completed 200 OK in 77ms (Views: 73.7ms | ActiveRecord: 0.0ms)


Started GET "/" for 127.0.0.1 at 2018-11-22 18:10:46 +0200
Processing by PagesController#index as HTML
  Rendering pages/index.html.erb within layouts/application
  Rendered pages/index.html.erb within layouts/application (9.7ms)
Completed 200 OK in 77ms (Views: 73.8ms | ActiveRecord: 0.0ms)


  [1m[35m (426.9ms)[0m  [1m[35mCREATE TABLE "schema_migrations" ("version" character varying NOT NULL PRIMARY KEY)[0m
  ↳ bin/rails:9
  [1m[35m (87.9ms)[0m  [1m[35mCREATE TABLE "ar_internal_metadata" ("key" character varying NOT NULL PRIMARY KEY, "value" character varying, "created_at" timestamp NOT NULL, "updated_at" timestamp NOT NULL)[0m
  ↳ bin/rails:9
  [1m[35m (0.5ms)[0m  [1m[34mSELECT pg_try_advisory_lock(7591822554846506550)[0m
  ↳ bin/rails:9
  [1m[35m (1.7ms)[0m  [1m[34mSELECT "schema_migrations"."version" FROM "schema_migrations" ORDER BY "schema_migrations"."version" ASC[0m
  ↳ bin/rails:9
  [1m[36mActiveRecord::InternalMetadata Load (0.9ms)[0m  [1m[34mSELECT  "ar_internal_metadata".* FROM "ar_internal_metadata" WHERE "ar_internal_metadata"."key" = $1 LIMIT $2[0m  [["key", "environment"], ["LIMIT", 1]]
  ↳ bin/rails:9
  [1m[35m (0.3ms)[0m  [1m[35mBEGIN[0m
  ↳ bin/rails:9
  [1m[36mActiveRecord::InternalMetadata Create (0.9ms)[0m  [1m[32mINSERT INTO "ar_internal_metadata" ("key", "value", "created_at", "updated_at") VALUES ($1, $2, $3, $4) RETURNING "key"[0m  [["key", "environment"], ["value", "development"], ["created_at", "2018-11-22 16:12:50.711542"], ["updated_at", "2018-11-22 16:12:50.711542"]]
  ↳ bin/rails:9
  [1m[35m (16.5ms)[0m  [1m[35mCOMMIT[0m
  ↳ bin/rails:9
  [1m[35m (0.6ms)[0m  [1m[34mSELECT pg_advisory_unlock(7591822554846506550)[0m
  ↳ bin/rails:9
  [1m[35m (0.7ms)[0m  [1m[34mSELECT "schema_migrations"."version" FROM "schema_migrations" ORDER BY "schema_migrations"."version" ASC[0m
  ↳ bin/rails:9
Started GET "/" for 127.0.0.1 at 2018-11-22 18:12:58 +0200
Processing by PagesController#index as HTML
  Rendering pages/index.html.erb within layouts/application
  Rendered pages/index.html.erb within layouts/application (11.5ms)
Completed 200 OK in 665ms (Views: 645.7ms | ActiveRecord: 0.0ms)


Started GET "/" for 127.0.0.1 at 2018-11-22 18:13:53 +0200
Processing by PagesController#index as HTML
  Rendering pages/index.html.erb within layouts/application
  Rendered pages/index.html.erb within layouts/application (8.5ms)
Completed 200 OK in 69ms (Views: 65.7ms | ActiveRecord: 0.0ms)


Started GET "/" for 127.0.0.1 at 2018-11-22 18:13:54 +0200
Processing by PagesController#index as HTML
  Rendering pages/index.html.erb within layouts/application
  Rendered pages/index.html.erb within layouts/application (9.9ms)
Completed 200 OK in 72ms (Views: 68.8ms | ActiveRecord: 0.0ms)


Started GET "/" for 127.0.0.1 at 2018-11-22 18:14:02 +0200
Processing by PagesController#index as HTML
  Rendering pages/index.html.erb within layouts/application
  Rendered pages/index.html.erb within layouts/application (11.4ms)
Completed 200 OK in 654ms (Views: 637.3ms | ActiveRecord: 0.0ms)


  [1m[35m (1.4ms)[0m  [1m[34mSELECT "schema_migrations"."version" FROM "schema_migrations" ORDER BY "schema_migrations"."version" ASC[0m
  ↳ bin/rails:9
Started GET "/" for 127.0.0.1 at 2018-11-22 18:15:09 +0200
Processing by PagesController#index as HTML
  Rendering pages/index.html.erb within layouts/application
  Rendered pages/index.html.erb within layouts/application (11.2ms)
Completed 200 OK in 609ms (Views: 591.1ms | ActiveRecord: 0.0ms)


Started GET "/show?task=sixty_five" for 127.0.0.1 at 2018-11-22 18:15:13 +0200
Processing by PagesController#show as HTML
  Parameters: {"task"=>"sixty_five"}
  Rendering pages/show.html.erb within layouts/application
  Rendered pages/show.html.erb within layouts/application (3.6ms)
Completed 200 OK in 72ms (Views: 68.6ms | ActiveRecord: 0.0ms)


Started GET "/show?utf8=%E2%9C%93&task=sixty_five&args%5Bn%5D=12&commit=Calculate" for 127.0.0.1 at 2018-11-22 18:15:15 +0200
Processing by PagesController#show as HTML
  Parameters: {"utf8"=>"✓", "task"=>"sixty_five", "args"=>{"n"=>"12"}, "commit"=>"Calculate"}
  Rendering pages/show.html.erb within layouts/application
  Rendered pages/show.html.erb within layouts/application (4.5ms)
Completed 200 OK in 76ms (Views: 73.4ms | ActiveRecord: 0.0ms)


Started GET "/" for 127.0.0.1 at 2018-11-22 18:15:19 +0200
Processing by PagesController#index as HTML
  Rendering pages/index.html.erb within layouts/application
  Rendered pages/index.html.erb within layouts/application (8.6ms)
Completed 200 OK in 79ms (Views: 76.2ms | ActiveRecord: 0.0ms)


Started GET "/" for 127.0.0.1 at 2018-11-26 12:04:17 +0200
Processing by PagesController#index as HTML
  Rendering pages/index.html.erb within layouts/application
  Rendered pages/index.html.erb within layouts/application (221.1ms)
Started GET "/" for 127.0.0.1 at 2018-11-26 12:04:22 +0200
Processing by PagesController#index as HTML
  Rendering pages/index.html.erb within layouts/application
  Rendered pages/index.html.erb within layouts/application (11.0ms)
Completed 200 OK in 1864ms (Views: 1860.6ms | ActiveRecord: 0.0ms)


Completed 200 OK in 3123ms (Views: 3067.9ms | ActiveRecord: 0.0ms)


Started GET "/show?task=string" for 127.0.0.1 at 2018-11-26 12:05:53 +0200
Processing by PagesController#show as HTML
  Parameters: {"task"=>"string"}
  Rendering pages/show.html.erb within layouts/application
  Rendered pages/show.html.erb within layouts/application (4.9ms)
Completed 200 OK in 94ms (Views: 72.2ms | ActiveRecord: 0.0ms)


Started GET "/show?utf8=%E2%9C%93&task=string&args%5Bn%5D=string&commit=Calculate" for 127.0.0.1 at 2018-11-26 12:06:25 +0200
Processing by PagesController#show as HTML
  Parameters: {"utf8"=>"✓", "task"=>"string", "args"=>{"n"=>"string"}, "commit"=>"Calculate"}
  Rendering pages/show.html.erb within layouts/application
  Rendered pages/show.html.erb within layouts/application (3.8ms)
Completed 200 OK in 73ms (Views: 69.8ms | ActiveRecord: 0.0ms)


Started GET "/show?utf8=%E2%9C%93&task=string&args%5Bn%5D=string&commit=Calculate" for 127.0.0.1 at 2018-11-26 12:36:19 +0200
Processing by PagesController#show as HTML
  Parameters: {"utf8"=>"✓", "task"=>"string", "args"=>{"n"=>"string"}, "commit"=>"Calculate"}
Completed 500 Internal Server Error in 60ms (ActiveRecord: 0.0ms)


  
NameError (undefined method `string' for class `#<Class:GeekHubTasks>'
Did you mean?  String):
  
app/controllers/pages_controller.rb:12:in `method'
app/controllers/pages_controller.rb:12:in `show'
Started GET "/" for 127.0.0.1 at 2018-11-26 12:38:53 +0200
Processing by PagesController#index as HTML
  Rendering pages/index.html.erb within layouts/application
  Rendered pages/index.html.erb within layouts/application (13.2ms)
Completed 200 OK in 604ms (Views: 600.3ms | ActiveRecord: 0.0ms)


Started GET "/show?task=simple_operation" for 127.0.0.1 at 2018-11-26 12:38:57 +0200
Processing by PagesController#show as HTML
  Parameters: {"task"=>"simple_operation"}
  Rendering pages/show.html.erb within layouts/application
  Rendered pages/show.html.erb within layouts/application (3.8ms)
Completed 200 OK in 76ms (Views: 73.1ms | ActiveRecord: 0.0ms)


Started GET "/show?utf8=%E2%9C%93&task=simple_operation&args%5Bx%5D=12&args%5By%5D=12&commit=Calculate" for 127.0.0.1 at 2018-11-26 12:39:02 +0200
Processing by PagesController#show as HTML
  Parameters: {"utf8"=>"✓", "task"=>"simple_operation", "args"=>{"x"=>"12", "y"=>"12"}, "commit"=>"Calculate"}
  Rendering pages/show.html.erb within layouts/application
  Rendered pages/show.html.erb within layouts/application (4.4ms)
Completed 200 OK in 139ms (Views: 135.9ms | ActiveRecord: 0.0ms)


Started GET "/" for 127.0.0.1 at 2018-11-26 12:39:04 +0200
Processing by PagesController#index as HTML
  Rendering pages/index.html.erb within layouts/application
  Rendered pages/index.html.erb within layouts/application (8.9ms)
Completed 200 OK in 90ms (Views: 88.0ms | ActiveRecord: 0.0ms)


Started GET "/pages?page=2" for 127.0.0.1 at 2018-11-26 12:39:08 +0200
Processing by PagesController#index as HTML
  Parameters: {"page"=>"2"}
  Rendering pages/index.html.erb within layouts/application
  Rendered pages/index.html.erb within layouts/application (10.4ms)
Completed 200 OK in 91ms (Views: 88.1ms | ActiveRecord: 0.0ms)


Started GET "/show?task=string_redacted" for 127.0.0.1 at 2018-11-26 12:39:11 +0200
Processing by PagesController#show as HTML
  Parameters: {"task"=>"string_redacted"}
  Rendering pages/show.html.erb within layouts/application
  Rendered pages/show.html.erb within layouts/application (4.5ms)
Completed 200 OK in 121ms (Views: 118.0ms | ActiveRecord: 0.0ms)


Started GET "/show?utf8=%E2%9C%93&task=string_redacted&args%5Bstring%5D=I+go+too&commit=Calculate" for 127.0.0.1 at 2018-11-26 12:39:16 +0200
Processing by PagesController#show as HTML
  Parameters: {"utf8"=>"✓", "task"=>"string_redacted", "args"=>{"string"=>"I go too"}, "commit"=>"Calculate"}
  Rendering pages/show.html.erb within layouts/application
  Rendered pages/show.html.erb within layouts/application (5.5ms)
Completed 200 OK in 113ms (Views: 108.6ms | ActiveRecord: 0.0ms)


Started GET "/" for 127.0.0.1 at 2018-11-26 12:39:35 +0200
Processing by PagesController#index as HTML
  Rendering pages/index.html.erb within layouts/application
  Rendered pages/index.html.erb within layouts/application (15.2ms)
Completed 200 OK in 124ms (Views: 121.3ms | ActiveRecord: 0.0ms)


Started GET "/show?task=two_tasks" for 127.0.0.1 at 2018-11-26 12:39:37 +0200
Processing by PagesController#show as HTML
  Parameters: {"task"=>"two_tasks"}
  Rendering pages/show.html.erb within layouts/application
  Rendered pages/show.html.erb within layouts/application (4.9ms)
Completed 200 OK in 113ms (Views: 110.4ms | ActiveRecord: 0.0ms)


Started GET "/" for 127.0.0.1 at 2018-11-26 12:39:39 +0200
Processing by PagesController#index as HTML
  Rendering pages/index.html.erb within layouts/application
  Rendered pages/index.html.erb within layouts/application (14.9ms)
Completed 200 OK in 90ms (Views: 87.9ms | ActiveRecord: 0.0ms)


Started GET "/show?task=equal_number" for 127.0.0.1 at 2018-11-26 12:39:41 +0200
Processing by PagesController#show as HTML
  Parameters: {"task"=>"equal_number"}
  Rendering pages/show.html.erb within layouts/application
  Rendered pages/show.html.erb within layouts/application (3.8ms)
Completed 200 OK in 79ms (Views: 75.8ms | ActiveRecord: 0.0ms)


Started GET "/" for 127.0.0.1 at 2018-11-26 12:39:43 +0200
Processing by PagesController#index as HTML
  Rendering pages/index.html.erb within layouts/application
  Rendered pages/index.html.erb within layouts/application (12.1ms)
Completed 200 OK in 86ms (Views: 83.7ms | ActiveRecord: 0.0ms)


Started GET "/show?task=half_or_double" for 127.0.0.1 at 2018-11-26 12:39:45 +0200
Processing by PagesController#show as HTML
  Parameters: {"task"=>"half_or_double"}
  Rendering pages/show.html.erb within layouts/application
  Rendered pages/show.html.erb within layouts/application (3.8ms)
Completed 200 OK in 78ms (Views: 75.4ms | ActiveRecord: 0.0ms)


Started GET "/" for 127.0.0.1 at 2018-11-26 12:39:46 +0200
Processing by PagesController#index as HTML
  Rendering pages/index.html.erb within layouts/application
  Rendered pages/index.html.erb within layouts/application (11.1ms)
Completed 200 OK in 101ms (Views: 98.5ms | ActiveRecord: 0.0ms)


Started GET "/pages?page=3" for 127.0.0.1 at 2018-11-26 12:39:48 +0200
Processing by PagesController#index as HTML
  Parameters: {"page"=>"3"}
  Rendering pages/index.html.erb within layouts/application
  Rendered pages/index.html.erb within layouts/application (8.8ms)
Completed 200 OK in 76ms (Views: 73.1ms | ActiveRecord: 0.0ms)


Started GET "/show?task=mosn" for 127.0.0.1 at 2018-11-26 12:39:49 +0200
Processing by PagesController#show as HTML
  Parameters: {"task"=>"mosn"}
  Rendering pages/show.html.erb within layouts/application
  Rendered pages/show.html.erb within layouts/application (3.7ms)
Completed 200 OK in 81ms (Views: 77.8ms | ActiveRecord: 0.0ms)


Started GET "/" for 127.0.0.1 at 2018-11-26 12:39:51 +0200
Processing by PagesController#index as HTML
  Rendering pages/index.html.erb within layouts/application
  Rendered pages/index.html.erb within layouts/application (9.3ms)
Completed 200 OK in 87ms (Views: 84.2ms | ActiveRecord: 0.0ms)


Started GET "/show?task=belong_to_gap" for 127.0.0.1 at 2018-11-26 12:39:53 +0200
Processing by PagesController#show as HTML
  Parameters: {"task"=>"belong_to_gap"}
  Rendering pages/show.html.erb within layouts/application
  Rendered pages/show.html.erb within layouts/application (4.0ms)
Completed 200 OK in 81ms (Views: 78.4ms | ActiveRecord: 0.0ms)


Started GET "/" for 127.0.0.1 at 2018-11-26 12:39:53 +0200
Processing by PagesController#index as HTML
  Rendering pages/index.html.erb within layouts/application
  Rendered pages/index.html.erb within layouts/application (10.1ms)
Completed 200 OK in 89ms (Views: 86.3ms | ActiveRecord: 0.0ms)


Started GET "/show?task=two_tasks" for 127.0.0.1 at 2018-11-26 12:39:55 +0200
Processing by PagesController#show as HTML
  Parameters: {"task"=>"two_tasks"}
  Rendering pages/show.html.erb within layouts/application
  Rendered pages/show.html.erb within layouts/application (3.7ms)
Completed 200 OK in 88ms (Views: 72.5ms | ActiveRecord: 0.0ms)


Started GET "/" for 127.0.0.1 at 2018-11-26 12:39:57 +0200
Processing by PagesController#index as HTML
  Rendering pages/index.html.erb within layouts/application
  Rendered pages/index.html.erb within layouts/application (9.3ms)
Completed 200 OK in 84ms (Views: 81.5ms | ActiveRecord: 0.0ms)


Started GET "/show?task=sixty_five" for 127.0.0.1 at 2018-11-26 12:39:59 +0200
Processing by PagesController#show as HTML
  Parameters: {"task"=>"sixty_five"}
  Rendering pages/show.html.erb within layouts/application
  Rendered pages/show.html.erb within layouts/application (3.8ms)
Completed 200 OK in 78ms (Views: 75.6ms | ActiveRecord: 0.0ms)


Started GET "/" for 127.0.0.1 at 2018-11-26 12:40:00 +0200
Processing by PagesController#index as HTML
  Rendering pages/index.html.erb within layouts/application
  Rendered pages/index.html.erb within layouts/application (9.7ms)
Completed 200 OK in 86ms (Views: 82.7ms | ActiveRecord: 0.0ms)


Started GET "/pages?page=4" for 127.0.0.1 at 2018-11-26 12:40:02 +0200
Processing by PagesController#index as HTML
  Parameters: {"page"=>"4"}
  Rendering pages/index.html.erb within layouts/application
  Rendered pages/index.html.erb within layouts/application (9.7ms)
Completed 200 OK in 80ms (Views: 77.1ms | ActiveRecord: 0.0ms)


Started GET "/show?task=temp" for 127.0.0.1 at 2018-11-26 12:40:04 +0200
Processing by PagesController#show as HTML
  Parameters: {"task"=>"temp"}
  Rendering pages/show.html.erb within layouts/application
  Rendered pages/show.html.erb within layouts/application (3.5ms)
Completed 200 OK in 86ms (Views: 82.8ms | ActiveRecord: 0.0ms)


Started GET "/" for 127.0.0.1 at 2018-11-26 12:40:05 +0200
Processing by PagesController#index as HTML
  Rendering pages/index.html.erb within layouts/application
  Rendered pages/index.html.erb within layouts/application (9.8ms)
Completed 200 OK in 89ms (Views: 85.9ms | ActiveRecord: 0.0ms)


Started GET "/show?task=half_or_double" for 127.0.0.1 at 2018-11-26 12:40:07 +0200
Processing by PagesController#show as HTML
  Parameters: {"task"=>"half_or_double"}
  Rendering pages/show.html.erb within layouts/application
  Rendered pages/show.html.erb within layouts/application (4.2ms)
Completed 200 OK in 76ms (Views: 73.7ms | ActiveRecord: 0.0ms)


Started GET "/" for 127.0.0.1 at 2018-11-26 12:40:08 +0200
Processing by PagesController#index as HTML
  Rendering pages/index.html.erb within layouts/application
  Rendered pages/index.html.erb within layouts/application (12.6ms)
Completed 200 OK in 91ms (Views: 88.1ms | ActiveRecord: 0.0ms)


Started GET "/pages?page=2" for 127.0.0.1 at 2018-11-26 12:40:12 +0200
Processing by PagesController#index as HTML
  Parameters: {"page"=>"2"}
  Rendering pages/index.html.erb within layouts/application
  Rendered pages/index.html.erb within layouts/application (9.7ms)
Completed 200 OK in 81ms (Views: 77.7ms | ActiveRecord: 0.0ms)


Started GET "/show?task=string_redacted" for 127.0.0.1 at 2018-11-26 12:40:14 +0200
Processing by PagesController#show as HTML
  Parameters: {"task"=>"string_redacted"}
  Rendering pages/show.html.erb within layouts/application
  Rendered pages/show.html.erb within layouts/application (4.1ms)
Completed 200 OK in 94ms (Views: 90.7ms | ActiveRecord: 0.0ms)


Started GET "/" for 127.0.0.1 at 2018-11-26 12:47:49 +0200
Processing by PagesController#index as HTML
  Rendering pages/index.html.erb within layouts/application
  Rendered pages/index.html.erb within layouts/application (87.5ms)
Completed 200 OK in 977ms (Views: 955.6ms | ActiveRecord: 0.0ms)


Started GET "/" for 127.0.0.1 at 2018-11-26 12:54:18 +0200
Processing by PagesController#index as HTML
  Rendering pages/index.html.erb within layouts/application
  Rendered pages/index.html.erb within layouts/application (13.6ms)
Completed 200 OK in 659ms (Views: 606.4ms | ActiveRecord: 0.0ms)


Started GET "/pages?page=6" for 127.0.0.1 at 2018-11-26 12:56:01 +0200
Processing by PagesController#index as HTML
  Parameters: {"page"=>"6"}
  Rendering pages/index.html.erb within layouts/application
  Rendered pages/index.html.erb within layouts/application (9.7ms)
Completed 200 OK in 88ms (Views: 84.5ms | ActiveRecord: 0.0ms)


Started GET "/show?task=palindrope" for 127.0.0.1 at 2018-11-26 12:56:09 +0200
Processing by PagesController#show as HTML
  Parameters: {"task"=>"palindrope"}
  Rendering pages/show.html.erb within layouts/application
  Rendered pages/show.html.erb within layouts/application (4.5ms)
Completed 200 OK in 119ms (Views: 115.7ms | ActiveRecord: 0.0ms)


Started GET "/show?utf8=%E2%9C%93&task=palindrope&args%5Bn%5D=string&commit=Calculate" for 127.0.0.1 at 2018-11-26 12:56:12 +0200
Processing by PagesController#show as HTML
  Parameters: {"utf8"=>"✓", "task"=>"palindrope", "args"=>{"n"=>"string"}, "commit"=>"Calculate"}
  Rendering pages/show.html.erb within layouts/application
  Rendered pages/show.html.erb within layouts/application (4.9ms)
Completed 200 OK in 141ms (Views: 137.3ms | ActiveRecord: 0.0ms)


Started GET "/show?utf8=%E2%9C%93&task=palindrope&args%5Bn%5D=14&commit=Calculate" for 127.0.0.1 at 2018-11-26 12:56:18 +0200
Processing by PagesController#show as HTML
  Parameters: {"utf8"=>"✓", "task"=>"palindrope", "args"=>{"n"=>"14"}, "commit"=>"Calculate"}
  Rendering pages/show.html.erb within layouts/application
  Rendered pages/show.html.erb within layouts/application (5.7ms)
Completed 200 OK in 144ms (Views: 140.1ms | ActiveRecord: 0.0ms)


Started GET "/show?utf8=%E2%9C%93&task=palindrope&args%5Bn%5D=12&commit=Calculate" for 127.0.0.1 at 2018-11-26 12:56:22 +0200
Processing by PagesController#show as HTML
  Parameters: {"utf8"=>"✓", "task"=>"palindrope", "args"=>{"n"=>"12"}, "commit"=>"Calculate"}
  Rendering pages/show.html.erb within layouts/application
  Rendered pages/show.html.erb within layouts/application (4.3ms)
Completed 200 OK in 85ms (Views: 81.8ms | ActiveRecord: 0.0ms)


Started GET "/show?utf8=%E2%9C%93&task=palindrope&args%5Bn%5D=11&commit=Calculate" for 127.0.0.1 at 2018-11-26 12:56:23 +0200
Processing by PagesController#show as HTML
  Parameters: {"utf8"=>"✓", "task"=>"palindrope", "args"=>{"n"=>"11"}, "commit"=>"Calculate"}
  Rendering pages/show.html.erb within layouts/application
  Rendered pages/show.html.erb within layouts/application (4.0ms)
Completed 200 OK in 81ms (Views: 77.5ms | ActiveRecord: 0.0ms)


Started GET "/show?utf8=%E2%9C%93&task=palindrope&args%5Bn%5D=131&commit=Calculate" for 127.0.0.1 at 2018-11-26 12:56:27 +0200
Processing by PagesController#show as HTML
  Parameters: {"utf8"=>"✓", "task"=>"palindrope", "args"=>{"n"=>"131"}, "commit"=>"Calculate"}
  Rendering pages/show.html.erb within layouts/application
  Rendered pages/show.html.erb within layouts/application (3.9ms)
Completed 200 OK in 80ms (Views: 77.1ms | ActiveRecord: 0.0ms)


Started GET "/show?utf8=%E2%9C%93&task=palindrope&args%5Bn%5D=1112&commit=Calculate" for 127.0.0.1 at 2018-11-26 12:56:29 +0200
Processing by PagesController#show as HTML
  Parameters: {"utf8"=>"✓", "task"=>"palindrope", "args"=>{"n"=>"1112"}, "commit"=>"Calculate"}
  Rendering pages/show.html.erb within layouts/application
  Rendered pages/show.html.erb within layouts/application (3.7ms)
Completed 200 OK in 95ms (Views: 91.8ms | ActiveRecord: 0.0ms)


Started GET "/" for 127.0.0.1 at 2018-11-26 12:56:31 +0200
Processing by PagesController#index as HTML
  Rendering pages/index.html.erb within layouts/application
  Rendered pages/index.html.erb within layouts/application (8.4ms)
Completed 200 OK in 81ms (Views: 78.4ms | ActiveRecord: 0.0ms)


